{"/Users/muhammadalfin/IP-RMT54-ALFIN/server/app.js": {"path":"/Users/muhammadalfin/IP-RMT54-ALFIN/server/app.js","statementMap":{"0":{"start":{"line":1,"column":0},"end":{"line":3,"column":1}},"1":{"start":{"line":2,"column":2},"end":{"line":2,"column":29}},"2":{"start":{"line":4,"column":13},"end":{"line":4,"column":28}},"3":{"start":{"line":5,"column":16},"end":{"line":5,"column":34}},"4":{"start":{"line":6,"column":12},"end":{"line":6,"column":21}},"5":{"start":{"line":8,"column":15},"end":{"line":8,"column":41}},"6":{"start":{"line":9,"column":25},"end":{"line":9,"column":62}},"7":{"start":{"line":11,"column":0},"end":{"line":11,"column":24}},"8":{"start":{"line":12,"column":0},"end":{"line":12,"column":49}},"9":{"start":{"line":13,"column":0},"end":{"line":13,"column":16}},"10":{"start":{"line":14,"column":0},"end":{"line":14,"column":16}},"11":{"start":{"line":15,"column":0},"end":{"line":15,"column":22}},"12":{"start":{"line":17,"column":0},"end":{"line":17,"column":21}}},"fnMap":{},"branchMap":{"0":{"loc":{"start":{"line":1,"column":0},"end":{"line":3,"column":1}},"type":"if","locations":[{"start":{"line":1,"column":0},"end":{"line":3,"column":1}},{"start":{},"end":{}}],"line":1}},"s":{"0":6,"1":6,"2":6,"3":6,"4":6,"5":6,"6":6,"7":6,"8":6,"9":6,"10":6,"11":6,"12":6},"f":{},"b":{"0":[6,0]},"_coverageSchema":"1a1c01bbd47fc00a2c39e90264f33305004495a9","hash":"b38546c4debabbaa16028d44d0044b0b71ee4112"}
,"/Users/muhammadalfin/IP-RMT54-ALFIN/server/controllers/CategoryController.js": {"path":"/Users/muhammadalfin/IP-RMT54-ALFIN/server/controllers/CategoryController.js","statementMap":{"0":{"start":{"line":1,"column":30},"end":{"line":1,"column":50}},"1":{"start":{"line":5,"column":4},"end":{"line":11,"column":5}},"2":{"start":{"line":6,"column":23},"end":{"line":6,"column":31}},"3":{"start":{"line":7,"column":26},"end":{"line":7,"column":57}},"4":{"start":{"line":8,"column":6},"end":{"line":8,"column":40}},"5":{"start":{"line":10,"column":6},"end":{"line":10,"column":18}},"6":{"start":{"line":14,"column":4},"end":{"line":19,"column":5}},"7":{"start":{"line":15,"column":26},"end":{"line":15,"column":50}},"8":{"start":{"line":16,"column":6},"end":{"line":16,"column":40}},"9":{"start":{"line":18,"column":6},"end":{"line":18,"column":18}},"10":{"start":{"line":22,"column":4},"end":{"line":46,"column":5}},"11":{"start":{"line":23,"column":23},"end":{"line":23,"column":31}},"12":{"start":{"line":24,"column":25},"end":{"line":24,"column":38}},"13":{"start":{"line":25,"column":27},"end":{"line":25,"column":62}},"14":{"start":{"line":26,"column":6},"end":{"line":32,"column":7}},"15":{"start":{"line":28,"column":8},"end":{"line":31,"column":10}},"16":{"start":{"line":33,"column":30},"end":{"line":41,"column":7}},"17":{"start":{"line":43,"column":6},"end":{"line":43,"column":50}},"18":{"start":{"line":45,"column":6},"end":{"line":45,"column":18}},"19":{"start":{"line":50,"column":0},"end":{"line":50,"column":36}}},"fnMap":{"0":{"name":"(anonymous_0)","decl":{"start":{"line":4,"column":2},"end":{"line":4,"column":3}},"loc":{"start":{"line":4,"column":44},"end":{"line":12,"column":3}},"line":4},"1":{"name":"(anonymous_1)","decl":{"start":{"line":13,"column":2},"end":{"line":13,"column":3}},"loc":{"start":{"line":13,"column":46},"end":{"line":20,"column":3}},"line":13},"2":{"name":"(anonymous_2)","decl":{"start":{"line":21,"column":2},"end":{"line":21,"column":3}},"loc":{"start":{"line":21,"column":45},"end":{"line":47,"column":3}},"line":21}},"branchMap":{"0":{"loc":{"start":{"line":26,"column":6},"end":{"line":32,"column":7}},"type":"if","locations":[{"start":{"line":26,"column":6},"end":{"line":32,"column":7}},{"start":{},"end":{}}],"line":26}},"s":{"0":6,"1":0,"2":0,"3":0,"4":0,"5":0,"6":0,"7":0,"8":0,"9":0,"10":0,"11":0,"12":0,"13":0,"14":0,"15":0,"16":0,"17":0,"18":0,"19":6},"f":{"0":0,"1":0,"2":0},"b":{"0":[0,0]},"_coverageSchema":"1a1c01bbd47fc00a2c39e90264f33305004495a9","hash":"6ff027f71008779ff32b87fe311192008e2eb9f2"}
,"/Users/muhammadalfin/IP-RMT54-ALFIN/server/controllers/CommentController.js": {"path":"/Users/muhammadalfin/IP-RMT54-ALFIN/server/controllers/CommentController.js","statementMap":{"0":{"start":{"line":1,"column":20},"end":{"line":1,"column":40}},"1":{"start":{"line":5,"column":4},"end":{"line":17,"column":5}},"2":{"start":{"line":6,"column":26},"end":{"line":6,"column":34}},"3":{"start":{"line":7,"column":28},"end":{"line":7,"column":38}},"4":{"start":{"line":8,"column":21},"end":{"line":8,"column":32}},"5":{"start":{"line":9,"column":25},"end":{"line":13,"column":8}},"6":{"start":{"line":14,"column":6},"end":{"line":14,"column":39}},"7":{"start":{"line":16,"column":6},"end":{"line":16,"column":18}},"8":{"start":{"line":21,"column":0},"end":{"line":21,"column":35}}},"fnMap":{"0":{"name":"(anonymous_0)","decl":{"start":{"line":4,"column":2},"end":{"line":4,"column":3}},"loc":{"start":{"line":4,"column":43},"end":{"line":18,"column":3}},"line":4}},"branchMap":{},"s":{"0":6,"1":0,"2":0,"3":0,"4":0,"5":0,"6":0,"7":0,"8":6},"f":{"0":0},"b":{},"_coverageSchema":"1a1c01bbd47fc00a2c39e90264f33305004495a9","hash":"893cead517560a88a1655891bbacc788ebf0c988"}
,"/Users/muhammadalfin/IP-RMT54-ALFIN/server/controllers/LikeController.js": {"path":"/Users/muhammadalfin/IP-RMT54-ALFIN/server/controllers/LikeController.js","statementMap":{"0":{"start":{"line":1,"column":17},"end":{"line":1,"column":37}},"1":{"start":{"line":5,"column":4},"end":{"line":12,"column":5}},"2":{"start":{"line":6,"column":28},"end":{"line":6,"column":38}},"3":{"start":{"line":7,"column":21},"end":{"line":7,"column":32}},"4":{"start":{"line":8,"column":22},"end":{"line":8,"column":62}},"5":{"start":{"line":9,"column":6},"end":{"line":9,"column":36}},"6":{"start":{"line":11,"column":6},"end":{"line":11,"column":18}},"7":{"start":{"line":16,"column":0},"end":{"line":16,"column":32}}},"fnMap":{"0":{"name":"(anonymous_0)","decl":{"start":{"line":4,"column":2},"end":{"line":4,"column":3}},"loc":{"start":{"line":4,"column":40},"end":{"line":13,"column":3}},"line":4}},"branchMap":{},"s":{"0":6,"1":0,"2":0,"3":0,"4":0,"5":0,"6":0,"7":6},"f":{"0":0},"b":{},"_coverageSchema":"1a1c01bbd47fc00a2c39e90264f33305004495a9","hash":"b98869c3eafbf1f1bb2b0f38dd367021b49ea135"}
,"/Users/muhammadalfin/IP-RMT54-ALFIN/server/controllers/ProductController.js": {"path":"/Users/muhammadalfin/IP-RMT54-ALFIN/server/controllers/ProductController.js","statementMap":{"0":{"start":{"line":1,"column":15},"end":{"line":1,"column":35}},"1":{"start":{"line":2,"column":51},"end":{"line":2,"column":71}},"2":{"start":{"line":6,"column":4},"end":{"line":26,"column":5}},"3":{"start":{"line":13,"column":10},"end":{"line":13,"column":18}},"4":{"start":{"line":14,"column":25},"end":{"line":22,"column":8}},"5":{"start":{"line":23,"column":6},"end":{"line":23,"column":39}},"6":{"start":{"line":25,"column":6},"end":{"line":25,"column":18}},"7":{"start":{"line":29,"column":4},"end":{"line":62,"column":5}},"8":{"start":{"line":30,"column":26},"end":{"line":50,"column":8}},"9":{"start":{"line":52,"column":31},"end":{"line":57,"column":8}},"10":{"start":{"line":53,"column":8},"end":{"line":56,"column":10}},"11":{"start":{"line":59,"column":6},"end":{"line":59,"column":45}},"12":{"start":{"line":61,"column":6},"end":{"line":61,"column":18}},"13":{"start":{"line":65,"column":4},"end":{"line":102,"column":5}},"14":{"start":{"line":72,"column":10},"end":{"line":72,"column":18}},"15":{"start":{"line":73,"column":24},"end":{"line":73,"column":37}},"16":{"start":{"line":74,"column":26},"end":{"line":74,"column":59}},"17":{"start":{"line":76,"column":6},"end":{"line":82,"column":7}},"18":{"start":{"line":78,"column":8},"end":{"line":81,"column":10}},"19":{"start":{"line":83,"column":29},"end":{"line":98,"column":7}},"20":{"start":{"line":99,"column":6},"end":{"line":99,"column":49}},"21":{"start":{"line":101,"column":6},"end":{"line":101,"column":18}},"22":{"start":{"line":106,"column":4},"end":{"line":126,"column":5}},"23":{"start":{"line":107,"column":25},"end":{"line":107,"column":38}},"24":{"start":{"line":108,"column":26},"end":{"line":108,"column":60}},"25":{"start":{"line":109,"column":6},"end":{"line":115,"column":7}},"26":{"start":{"line":111,"column":8},"end":{"line":114,"column":10}},"27":{"start":{"line":116,"column":6},"end":{"line":120,"column":9}},"28":{"start":{"line":121,"column":6},"end":{"line":123,"column":68}},"29":{"start":{"line":125,"column":6},"end":{"line":125,"column":18}},"30":{"start":{"line":129,"column":4},"end":{"line":181,"column":5}},"31":{"start":{"line":130,"column":43},"end":{"line":130,"column":52}},"32":{"start":{"line":132,"column":28},"end":{"line":149,"column":7}},"33":{"start":{"line":151,"column":6},"end":{"line":155,"column":7}},"34":{"start":{"line":152,"column":8},"end":{"line":154,"column":10}},"35":{"start":{"line":157,"column":6},"end":{"line":159,"column":7}},"36":{"start":{"line":158,"column":8},"end":{"line":158,"column":54}},"37":{"start":{"line":161,"column":6},"end":{"line":168,"column":7}},"38":{"start":{"line":162,"column":32},"end":{"line":162,"column":53}},"39":{"start":{"line":163,"column":8},"end":{"line":167,"column":10}},"40":{"start":{"line":169,"column":26},"end":{"line":169,"column":62}},"41":{"start":{"line":171,"column":31},"end":{"line":176,"column":8}},"42":{"start":{"line":172,"column":8},"end":{"line":175,"column":10}},"43":{"start":{"line":178,"column":6},"end":{"line":178,"column":45}},"44":{"start":{"line":180,"column":6},"end":{"line":180,"column":18}},"45":{"start":{"line":184,"column":4},"end":{"line":215,"column":5}},"46":{"start":{"line":185,"column":25},"end":{"line":185,"column":38}},"47":{"start":{"line":186,"column":26},"end":{"line":202,"column":8}},"48":{"start":{"line":203,"column":6},"end":{"line":208,"column":7}},"49":{"start":{"line":204,"column":8},"end":{"line":207,"column":10}},"50":{"start":{"line":209,"column":6},"end":{"line":212,"column":9}},"51":{"start":{"line":214,"column":6},"end":{"line":214,"column":18}},"52":{"start":{"line":219,"column":0},"end":{"line":219,"column":35}}},"fnMap":{"0":{"name":"(anonymous_0)","decl":{"start":{"line":5,"column":2},"end":{"line":5,"column":3}},"loc":{"start":{"line":5,"column":43},"end":{"line":27,"column":3}},"line":5},"1":{"name":"(anonymous_1)","decl":{"start":{"line":28,"column":2},"end":{"line":28,"column":3}},"loc":{"start":{"line":28,"column":47},"end":{"line":63,"column":3}},"line":28},"2":{"name":"(anonymous_2)","decl":{"start":{"line":52,"column":47},"end":{"line":52,"column":48}},"loc":{"start":{"line":52,"column":60},"end":{"line":57,"column":7}},"line":52},"3":{"name":"(anonymous_3)","decl":{"start":{"line":64,"column":2},"end":{"line":64,"column":3}},"loc":{"start":{"line":64,"column":44},"end":{"line":103,"column":3}},"line":64},"4":{"name":"(anonymous_4)","decl":{"start":{"line":105,"column":2},"end":{"line":105,"column":3}},"loc":{"start":{"line":105,"column":47},"end":{"line":127,"column":3}},"line":105},"5":{"name":"(anonymous_5)","decl":{"start":{"line":128,"column":2},"end":{"line":128,"column":3}},"loc":{"start":{"line":128,"column":48},"end":{"line":182,"column":3}},"line":128},"6":{"name":"(anonymous_6)","decl":{"start":{"line":171,"column":47},"end":{"line":171,"column":48}},"loc":{"start":{"line":171,"column":60},"end":{"line":176,"column":7}},"line":171},"7":{"name":"(anonymous_7)","decl":{"start":{"line":183,"column":2},"end":{"line":183,"column":3}},"loc":{"start":{"line":183,"column":52},"end":{"line":216,"column":3}},"line":183}},"branchMap":{"0":{"loc":{"start":{"line":76,"column":6},"end":{"line":82,"column":7}},"type":"if","locations":[{"start":{"line":76,"column":6},"end":{"line":82,"column":7}},{"start":{},"end":{}}],"line":76},"1":{"loc":{"start":{"line":87,"column":17},"end":{"line":87,"column":67}},"type":"cond-expr","locations":[{"start":{"line":87,"column":28},"end":{"line":87,"column":47}},{"start":{"line":87,"column":50},"end":{"line":87,"column":67}}],"line":87},"2":{"loc":{"start":{"line":109,"column":6},"end":{"line":115,"column":7}},"type":"if","locations":[{"start":{"line":109,"column":6},"end":{"line":115,"column":7}},{"start":{},"end":{}}],"line":109},"3":{"loc":{"start":{"line":151,"column":6},"end":{"line":155,"column":7}},"type":"if","locations":[{"start":{"line":151,"column":6},"end":{"line":155,"column":7}},{"start":{},"end":{}}],"line":151},"4":{"loc":{"start":{"line":157,"column":6},"end":{"line":159,"column":7}},"type":"if","locations":[{"start":{"line":157,"column":6},"end":{"line":159,"column":7}},{"start":{},"end":{}}],"line":157},"5":{"loc":{"start":{"line":161,"column":6},"end":{"line":168,"column":7}},"type":"if","locations":[{"start":{"line":161,"column":6},"end":{"line":168,"column":7}},{"start":{},"end":{}}],"line":161},"6":{"loc":{"start":{"line":203,"column":6},"end":{"line":208,"column":7}},"type":"if","locations":[{"start":{"line":203,"column":6},"end":{"line":208,"column":7}},{"start":{},"end":{}}],"line":203}},"s":{"0":6,"1":6,"2":2,"3":2,"4":2,"5":0,"6":2,"7":0,"8":0,"9":0,"10":0,"11":0,"12":0,"13":0,"14":0,"15":0,"16":0,"17":0,"18":0,"19":0,"20":0,"21":0,"22":0,"23":0,"24":0,"25":0,"26":0,"27":0,"28":0,"29":0,"30":4,"31":4,"32":4,"33":4,"34":0,"35":4,"36":0,"37":4,"38":0,"39":0,"40":4,"41":4,"42":44,"43":4,"44":0,"45":2,"46":2,"47":2,"48":2,"49":1,"50":1,"51":1,"52":6},"f":{"0":2,"1":0,"2":0,"3":0,"4":0,"5":4,"6":44,"7":2},"b":{"0":[0,0],"1":[0,0],"2":[0,0],"3":[0,4],"4":[0,4],"5":[0,4],"6":[1,1]},"_coverageSchema":"1a1c01bbd47fc00a2c39e90264f33305004495a9","hash":"24d54b4dd16e4335f63dfb038305d65111f916bd"}
,"/Users/muhammadalfin/IP-RMT54-ALFIN/server/controllers/UserController.js": {"path":"/Users/muhammadalfin/IP-RMT54-ALFIN/server/controllers/UserController.js","statementMap":{"0":{"start":{"line":1,"column":17},"end":{"line":1,"column":37}},"1":{"start":{"line":2,"column":15},"end":{"line":2,"column":34}},"2":{"start":{"line":3,"column":22},"end":{"line":3,"column":47}},"3":{"start":{"line":4,"column":28},"end":{"line":4,"column":56}},"4":{"start":{"line":5,"column":0},"end":{"line":5,"column":27}},"5":{"start":{"line":9,"column":4},"end":{"line":33,"column":5}},"6":{"start":{"line":11,"column":8},"end":{"line":11,"column":16}},"7":{"start":{"line":12,"column":22},"end":{"line":19,"column":8}},"8":{"start":{"line":20,"column":26},"end":{"line":27,"column":7}},"9":{"start":{"line":28,"column":6},"end":{"line":30,"column":73}},"10":{"start":{"line":32,"column":6},"end":{"line":32,"column":18}},"11":{"start":{"line":36,"column":4},"end":{"line":87,"column":5}},"12":{"start":{"line":37,"column":34},"end":{"line":37,"column":42}},"13":{"start":{"line":38,"column":6},"end":{"line":44,"column":7}},"14":{"start":{"line":40,"column":8},"end":{"line":43,"column":10}},"15":{"start":{"line":45,"column":6},"end":{"line":51,"column":7}},"16":{"start":{"line":47,"column":8},"end":{"line":50,"column":10}},"17":{"start":{"line":53,"column":19},"end":{"line":57,"column":8}},"18":{"start":{"line":58,"column":6},"end":{"line":64,"column":7}},"19":{"start":{"line":60,"column":8},"end":{"line":63,"column":10}},"20":{"start":{"line":65,"column":33},"end":{"line":65,"column":73}},"21":{"start":{"line":66,"column":6},"end":{"line":72,"column":7}},"22":{"start":{"line":68,"column":8},"end":{"line":71,"column":10}},"23":{"start":{"line":73,"column":27},"end":{"line":77,"column":7}},"24":{"start":{"line":78,"column":26},"end":{"line":78,"column":49}},"25":{"start":{"line":79,"column":6},"end":{"line":84,"column":9}},"26":{"start":{"line":86,"column":6},"end":{"line":86,"column":18}},"27":{"start":{"line":91,"column":0},"end":{"line":91,"column":32}}},"fnMap":{"0":{"name":"(anonymous_0)","decl":{"start":{"line":8,"column":2},"end":{"line":8,"column":3}},"loc":{"start":{"line":8,"column":43},"end":{"line":34,"column":3}},"line":8},"1":{"name":"(anonymous_1)","decl":{"start":{"line":35,"column":2},"end":{"line":35,"column":3}},"loc":{"start":{"line":35,"column":41},"end":{"line":88,"column":3}},"line":35}},"branchMap":{"0":{"loc":{"start":{"line":38,"column":6},"end":{"line":44,"column":7}},"type":"if","locations":[{"start":{"line":38,"column":6},"end":{"line":44,"column":7}},{"start":{},"end":{}}],"line":38},"1":{"loc":{"start":{"line":45,"column":6},"end":{"line":51,"column":7}},"type":"if","locations":[{"start":{"line":45,"column":6},"end":{"line":51,"column":7}},{"start":{},"end":{}}],"line":45},"2":{"loc":{"start":{"line":58,"column":6},"end":{"line":64,"column":7}},"type":"if","locations":[{"start":{"line":58,"column":6},"end":{"line":64,"column":7}},{"start":{},"end":{}}],"line":58},"3":{"loc":{"start":{"line":66,"column":6},"end":{"line":72,"column":7}},"type":"if","locations":[{"start":{"line":66,"column":6},"end":{"line":72,"column":7}},{"start":{},"end":{}}],"line":66}},"s":{"0":6,"1":6,"2":6,"3":6,"4":6,"5":0,"6":0,"7":0,"8":0,"9":0,"10":0,"11":5,"12":5,"13":5,"14":1,"15":4,"16":1,"17":3,"18":3,"19":1,"20":2,"21":2,"22":1,"23":1,"24":1,"25":1,"26":4,"27":6},"f":{"0":0,"1":5},"b":{"0":[1,4],"1":[1,3],"2":[1,2],"3":[1,1]},"_coverageSchema":"1a1c01bbd47fc00a2c39e90264f33305004495a9","hash":"e800bfb721db8f3760ee338de517b9fcbe19df0f"}
,"/Users/muhammadalfin/IP-RMT54-ALFIN/server/helpers/bcrypt.js": {"path":"/Users/muhammadalfin/IP-RMT54-ALFIN/server/helpers/bcrypt.js","statementMap":{"0":{"start":{"line":1,"column":15},"end":{"line":1,"column":34}},"1":{"start":{"line":3,"column":21},"end":{"line":6,"column":1}},"2":{"start":{"line":4,"column":15},"end":{"line":4,"column":37}},"3":{"start":{"line":5,"column":2},"end":{"line":5,"column":41}},"4":{"start":{"line":8,"column":24},"end":{"line":10,"column":1}},"5":{"start":{"line":9,"column":2},"end":{"line":9,"column":59}},"6":{"start":{"line":12,"column":0},"end":{"line":12,"column":51}}},"fnMap":{"0":{"name":"(anonymous_0)","decl":{"start":{"line":3,"column":21},"end":{"line":3,"column":22}},"loc":{"start":{"line":3,"column":35},"end":{"line":6,"column":1}},"line":3},"1":{"name":"(anonymous_1)","decl":{"start":{"line":8,"column":24},"end":{"line":8,"column":25}},"loc":{"start":{"line":8,"column":59},"end":{"line":10,"column":1}},"line":8}},"branchMap":{},"s":{"0":6,"1":6,"2":0,"3":0,"4":6,"5":2,"6":6},"f":{"0":0,"1":2},"b":{},"_coverageSchema":"1a1c01bbd47fc00a2c39e90264f33305004495a9","hash":"d75fa09e1c385472530accf9ae21d8b8e4840d46"}
,"/Users/muhammadalfin/IP-RMT54-ALFIN/server/helpers/jwt.js": {"path":"/Users/muhammadalfin/IP-RMT54-ALFIN/server/helpers/jwt.js","statementMap":{"0":{"start":{"line":1,"column":12},"end":{"line":1,"column":35}},"1":{"start":{"line":2,"column":19},"end":{"line":2,"column":41}},"2":{"start":{"line":3,"column":18},"end":{"line":5,"column":1}},"3":{"start":{"line":4,"column":2},"end":{"line":4,"column":36}},"4":{"start":{"line":7,"column":20},"end":{"line":9,"column":1}},"5":{"start":{"line":8,"column":2},"end":{"line":8,"column":39}},"6":{"start":{"line":11,"column":0},"end":{"line":11,"column":44}}},"fnMap":{"0":{"name":"(anonymous_0)","decl":{"start":{"line":3,"column":18},"end":{"line":3,"column":19}},"loc":{"start":{"line":3,"column":28},"end":{"line":5,"column":1}},"line":3},"1":{"name":"(anonymous_1)","decl":{"start":{"line":7,"column":20},"end":{"line":7,"column":21}},"loc":{"start":{"line":7,"column":31},"end":{"line":9,"column":1}},"line":7}},"branchMap":{},"s":{"0":6,"1":6,"2":6,"3":4,"4":6,"5":10,"6":6},"f":{"0":4,"1":10},"b":{},"_coverageSchema":"1a1c01bbd47fc00a2c39e90264f33305004495a9","hash":"afea5fad150a845e025e969d2dba82e792422bdf"}
,"/Users/muhammadalfin/IP-RMT54-ALFIN/server/middlewares/authentication.js": {"path":"/Users/muhammadalfin/IP-RMT54-ALFIN/server/middlewares/authentication.js","statementMap":{"0":{"start":{"line":1,"column":17},"end":{"line":1,"column":37}},"1":{"start":{"line":2,"column":24},"end":{"line":2,"column":49}},"2":{"start":{"line":4,"column":23},"end":{"line":38,"column":1}},"3":{"start":{"line":5,"column":22},"end":{"line":5,"column":50}},"4":{"start":{"line":6,"column":2},"end":{"line":6,"column":27}},"5":{"start":{"line":7,"column":2},"end":{"line":13,"column":3}},"6":{"start":{"line":8,"column":4},"end":{"line":11,"column":7}},"7":{"start":{"line":12,"column":4},"end":{"line":12,"column":11}},"8":{"start":{"line":15,"column":20},"end":{"line":15,"column":42}},"9":{"start":{"line":16,"column":2},"end":{"line":22,"column":3}},"10":{"start":{"line":17,"column":4},"end":{"line":20,"column":7}},"11":{"start":{"line":21,"column":4},"end":{"line":21,"column":11}},"12":{"start":{"line":23,"column":2},"end":{"line":37,"column":3}},"13":{"start":{"line":24,"column":17},"end":{"line":24,"column":35}},"14":{"start":{"line":25,"column":17},"end":{"line":25,"column":45}},"15":{"start":{"line":26,"column":4},"end":{"line":32,"column":5}},"16":{"start":{"line":27,"column":6},"end":{"line":30,"column":9}},"17":{"start":{"line":31,"column":6},"end":{"line":31,"column":13}},"18":{"start":{"line":33,"column":4},"end":{"line":33,"column":20}},"19":{"start":{"line":34,"column":4},"end":{"line":34,"column":11}},"20":{"start":{"line":36,"column":4},"end":{"line":36,"column":16}},"21":{"start":{"line":40,"column":0},"end":{"line":40,"column":32}}},"fnMap":{"0":{"name":"(anonymous_0)","decl":{"start":{"line":4,"column":23},"end":{"line":4,"column":24}},"loc":{"start":{"line":4,"column":49},"end":{"line":38,"column":1}},"line":4}},"branchMap":{"0":{"loc":{"start":{"line":7,"column":2},"end":{"line":13,"column":3}},"type":"if","locations":[{"start":{"line":7,"column":2},"end":{"line":13,"column":3}},{"start":{},"end":{}}],"line":7},"1":{"loc":{"start":{"line":16,"column":2},"end":{"line":22,"column":3}},"type":"if","locations":[{"start":{"line":16,"column":2},"end":{"line":22,"column":3}},{"start":{},"end":{}}],"line":16},"2":{"loc":{"start":{"line":26,"column":4},"end":{"line":32,"column":5}},"type":"if","locations":[{"start":{"line":26,"column":4},"end":{"line":32,"column":5}},{"start":{},"end":{}}],"line":26}},"s":{"0":6,"1":6,"2":6,"3":13,"4":13,"5":13,"6":3,"7":3,"8":10,"9":10,"10":0,"11":0,"12":10,"13":10,"14":7,"15":7,"16":0,"17":0,"18":7,"19":7,"20":3,"21":6},"f":{"0":13},"b":{"0":[3,10],"1":[0,10],"2":[0,7]},"_coverageSchema":"1a1c01bbd47fc00a2c39e90264f33305004495a9","hash":"e77001c928a33407bebfc9e7ce32be8ba95a4622"}
,"/Users/muhammadalfin/IP-RMT54-ALFIN/server/middlewares/authorization.js": {"path":"/Users/muhammadalfin/IP-RMT54-ALFIN/server/middlewares/authorization.js","statementMap":{"0":{"start":{"line":1,"column":20},"end":{"line":1,"column":40}},"1":{"start":{"line":4,"column":20},"end":{"line":4,"column":33}},"2":{"start":{"line":5,"column":22},"end":{"line":5,"column":55}},"3":{"start":{"line":7,"column":2},"end":{"line":13,"column":3}},"4":{"start":{"line":8,"column":4},"end":{"line":11,"column":7}},"5":{"start":{"line":12,"column":4},"end":{"line":12,"column":11}},"6":{"start":{"line":14,"column":2},"end":{"line":20,"column":3}},"7":{"start":{"line":15,"column":4},"end":{"line":18,"column":7}},"8":{"start":{"line":19,"column":4},"end":{"line":19,"column":11}},"9":{"start":{"line":21,"column":2},"end":{"line":21,"column":9}},"10":{"start":{"line":24,"column":0},"end":{"line":24,"column":31}}},"fnMap":{"0":{"name":"authorization","decl":{"start":{"line":3,"column":15},"end":{"line":3,"column":28}},"loc":{"start":{"line":3,"column":45},"end":{"line":22,"column":1}},"line":3}},"branchMap":{"0":{"loc":{"start":{"line":7,"column":2},"end":{"line":13,"column":3}},"type":"if","locations":[{"start":{"line":7,"column":2},"end":{"line":13,"column":3}},{"start":{},"end":{}}],"line":7},"1":{"loc":{"start":{"line":14,"column":2},"end":{"line":20,"column":3}},"type":"if","locations":[{"start":{"line":14,"column":2},"end":{"line":20,"column":3}},{"start":{},"end":{}}],"line":14}},"s":{"0":6,"1":0,"2":0,"3":0,"4":0,"5":0,"6":0,"7":0,"8":0,"9":0,"10":6},"f":{"0":0},"b":{"0":[0,0],"1":[0,0]},"_coverageSchema":"1a1c01bbd47fc00a2c39e90264f33305004495a9","hash":"e8c2e9fa333236ef6c898ea816722ee11d3f41a0"}
,"/Users/muhammadalfin/IP-RMT54-ALFIN/server/middlewares/errorHandler.js": {"path":"/Users/muhammadalfin/IP-RMT54-ALFIN/server/middlewares/errorHandler.js","statementMap":{"0":{"start":{"line":2,"column":2},"end":{"line":2,"column":21}},"1":{"start":{"line":3,"column":2},"end":{"line":27,"column":3}},"2":{"start":{"line":6,"column":21},"end":{"line":6,"column":63}},"3":{"start":{"line":6,"column":49},"end":{"line":6,"column":62}},"4":{"start":{"line":7,"column":22},"end":{"line":7,"column":38}},"5":{"start":{"line":8,"column":6},"end":{"line":8,"column":49}},"6":{"start":{"line":9,"column":6},"end":{"line":9,"column":13}},"7":{"start":{"line":11,"column":6},"end":{"line":11,"column":55}},"8":{"start":{"line":12,"column":6},"end":{"line":12,"column":13}},"9":{"start":{"line":14,"column":6},"end":{"line":14,"column":55}},"10":{"start":{"line":15,"column":6},"end":{"line":15,"column":13}},"11":{"start":{"line":17,"column":6},"end":{"line":17,"column":55}},"12":{"start":{"line":18,"column":6},"end":{"line":18,"column":13}},"13":{"start":{"line":20,"column":6},"end":{"line":20,"column":55}},"14":{"start":{"line":21,"column":6},"end":{"line":21,"column":13}},"15":{"start":{"line":23,"column":6},"end":{"line":23,"column":57}},"16":{"start":{"line":24,"column":6},"end":{"line":24,"column":13}},"17":{"start":{"line":26,"column":6},"end":{"line":26,"column":64}},"18":{"start":{"line":30,"column":0},"end":{"line":30,"column":34}}},"fnMap":{"0":{"name":"errorHandler","decl":{"start":{"line":1,"column":9},"end":{"line":1,"column":21}},"loc":{"start":{"line":1,"column":45},"end":{"line":28,"column":1}},"line":1},"1":{"name":"(anonymous_1)","decl":{"start":{"line":6,"column":38},"end":{"line":6,"column":39}},"loc":{"start":{"line":6,"column":49},"end":{"line":6,"column":62}},"line":6}},"branchMap":{"0":{"loc":{"start":{"line":3,"column":2},"end":{"line":27,"column":3}},"type":"switch","locations":[{"start":{"line":4,"column":4},"end":{"line":4,"column":36}},{"start":{"line":5,"column":4},"end":{"line":9,"column":13}},{"start":{"line":10,"column":4},"end":{"line":12,"column":13}},{"start":{"line":13,"column":4},"end":{"line":15,"column":13}},{"start":{"line":16,"column":4},"end":{"line":18,"column":13}},{"start":{"line":19,"column":4},"end":{"line":21,"column":13}},{"start":{"line":22,"column":4},"end":{"line":24,"column":13}},{"start":{"line":25,"column":4},"end":{"line":26,"column":64}}],"line":3}},"s":{"0":13,"1":13,"2":0,"3":0,"4":0,"5":0,"6":0,"7":3,"8":3,"9":4,"10":4,"11":0,"12":0,"13":1,"14":1,"15":3,"16":3,"17":2,"18":6},"f":{"0":13,"1":0},"b":{"0":[0,0,3,4,0,1,3,2]},"_coverageSchema":"1a1c01bbd47fc00a2c39e90264f33305004495a9","hash":"615378763df3a98d01956c690e838fff2b79bd3d"}
,"/Users/muhammadalfin/IP-RMT54-ALFIN/server/middlewares/multer.js": {"path":"/Users/muhammadalfin/IP-RMT54-ALFIN/server/middlewares/multer.js","statementMap":{"0":{"start":{"line":1,"column":15},"end":{"line":1,"column":32}},"1":{"start":{"line":3,"column":16},"end":{"line":3,"column":38}},"2":{"start":{"line":4,"column":15},"end":{"line":4,"column":58}},"3":{"start":{"line":6,"column":0},"end":{"line":6,"column":37}}},"fnMap":{},"branchMap":{},"s":{"0":6,"1":6,"2":6,"3":6},"f":{},"b":{},"_coverageSchema":"1a1c01bbd47fc00a2c39e90264f33305004495a9","hash":"80e1459ae682150a9987dd70ea1fdd0ee49301a7"}
,"/Users/muhammadalfin/IP-RMT54-ALFIN/server/middlewares/uploadImageCloudinary.js": {"path":"/Users/muhammadalfin/IP-RMT54-ALFIN/server/middlewares/uploadImageCloudinary.js","statementMap":{"0":{"start":{"line":1,"column":19},"end":{"line":1,"column":43}},"1":{"start":{"line":3,"column":30},"end":{"line":21,"column":1}},"2":{"start":{"line":4,"column":2},"end":{"line":20,"column":3}},"3":{"start":{"line":5,"column":4},"end":{"line":5,"column":11}},"4":{"start":{"line":7,"column":4},"end":{"line":11,"column":7}},"5":{"start":{"line":12,"column":21},"end":{"line":12,"column":38}},"6":{"start":{"line":13,"column":24},"end":{"line":13,"column":58}},"7":{"start":{"line":14,"column":19},"end":{"line":16,"column":5}},"8":{"start":{"line":18,"column":4},"end":{"line":18,"column":44}},"9":{"start":{"line":19,"column":4},"end":{"line":19,"column":11}},"10":{"start":{"line":23,"column":0},"end":{"line":23,"column":39}}},"fnMap":{"0":{"name":"(anonymous_0)","decl":{"start":{"line":3,"column":30},"end":{"line":3,"column":31}},"loc":{"start":{"line":3,"column":56},"end":{"line":21,"column":1}},"line":3}},"branchMap":{"0":{"loc":{"start":{"line":4,"column":2},"end":{"line":20,"column":3}},"type":"if","locations":[{"start":{"line":4,"column":2},"end":{"line":20,"column":3}},{"start":{"line":6,"column":9},"end":{"line":20,"column":3}}],"line":4}},"s":{"0":6,"1":6,"2":2,"3":2,"4":0,"5":0,"6":0,"7":0,"8":0,"9":0,"10":6},"f":{"0":2},"b":{"0":[2,0]},"_coverageSchema":"1a1c01bbd47fc00a2c39e90264f33305004495a9","hash":"8adca64059c07d11b5765e46987d79e1640fd463"}
,"/Users/muhammadalfin/IP-RMT54-ALFIN/server/models/category.js": {"path":"/Users/muhammadalfin/IP-RMT54-ALFIN/server/models/category.js","statementMap":{"0":{"start":{"line":2,"column":18},"end":{"line":2,"column":38}},"1":{"start":{"line":3,"column":0},"end":{"line":22,"column":2}},"2":{"start":{"line":6,"column":6},"end":{"line":6,"column":69}},"3":{"start":{"line":9,"column":2},"end":{"line":20,"column":4}},"4":{"start":{"line":21,"column":2},"end":{"line":21,"column":18}}},"fnMap":{"0":{"name":"(anonymous_0)","decl":{"start":{"line":3,"column":17},"end":{"line":3,"column":18}},"loc":{"start":{"line":3,"column":43},"end":{"line":22,"column":1}},"line":3},"1":{"name":"(anonymous_1)","decl":{"start":{"line":5,"column":4},"end":{"line":5,"column":5}},"loc":{"start":{"line":5,"column":29},"end":{"line":7,"column":5}},"line":5}},"branchMap":{},"s":{"0":6,"1":6,"2":6,"3":6,"4":6},"f":{"0":6,"1":6},"b":{},"_coverageSchema":"1a1c01bbd47fc00a2c39e90264f33305004495a9","hash":"8fbe0c82e5aba5b614876ebfba325a47cf20b065"}
,"/Users/muhammadalfin/IP-RMT54-ALFIN/server/models/comment.js": {"path":"/Users/muhammadalfin/IP-RMT54-ALFIN/server/models/comment.js","statementMap":{"0":{"start":{"line":2,"column":18},"end":{"line":2,"column":38}},"1":{"start":{"line":3,"column":0},"end":{"line":23,"column":2}},"2":{"start":{"line":6,"column":6},"end":{"line":6,"column":69}},"3":{"start":{"line":7,"column":6},"end":{"line":7,"column":63}},"4":{"start":{"line":10,"column":2},"end":{"line":21,"column":4}},"5":{"start":{"line":22,"column":2},"end":{"line":22,"column":17}}},"fnMap":{"0":{"name":"(anonymous_0)","decl":{"start":{"line":3,"column":17},"end":{"line":3,"column":18}},"loc":{"start":{"line":3,"column":43},"end":{"line":23,"column":1}},"line":3},"1":{"name":"(anonymous_1)","decl":{"start":{"line":5,"column":4},"end":{"line":5,"column":5}},"loc":{"start":{"line":5,"column":29},"end":{"line":8,"column":5}},"line":5}},"branchMap":{},"s":{"0":6,"1":6,"2":6,"3":6,"4":6,"5":6},"f":{"0":6,"1":6},"b":{},"_coverageSchema":"1a1c01bbd47fc00a2c39e90264f33305004495a9","hash":"a3ade711930df33a1174385ac487c69019d9c90f"}
,"/Users/muhammadalfin/IP-RMT54-ALFIN/server/models/index.js": {"path":"/Users/muhammadalfin/IP-RMT54-ALFIN/server/models/index.js","statementMap":{"0":{"start":{"line":3,"column":11},"end":{"line":3,"column":24}},"1":{"start":{"line":4,"column":13},"end":{"line":4,"column":28}},"2":{"start":{"line":5,"column":18},"end":{"line":5,"column":38}},"3":{"start":{"line":6,"column":16},"end":{"line":6,"column":34}},"4":{"start":{"line":7,"column":17},"end":{"line":7,"column":42}},"5":{"start":{"line":8,"column":12},"end":{"line":8,"column":49}},"6":{"start":{"line":9,"column":15},"end":{"line":9,"column":65}},"7":{"start":{"line":10,"column":11},"end":{"line":10,"column":13}},"8":{"start":{"line":13,"column":0},"end":{"line":17,"column":1}},"9":{"start":{"line":14,"column":2},"end":{"line":14,"column":74}},"10":{"start":{"line":16,"column":2},"end":{"line":16,"column":87}},"11":{"start":{"line":19,"column":0},"end":{"line":32,"column":5}},"12":{"start":{"line":22,"column":4},"end":{"line":27,"column":6}},"13":{"start":{"line":30,"column":18},"end":{"line":30,"column":85}},"14":{"start":{"line":31,"column":4},"end":{"line":31,"column":27}},"15":{"start":{"line":34,"column":0},"end":{"line":38,"column":3}},"16":{"start":{"line":35,"column":2},"end":{"line":37,"column":3}},"17":{"start":{"line":36,"column":4},"end":{"line":36,"column":32}},"18":{"start":{"line":40,"column":0},"end":{"line":40,"column":25}},"19":{"start":{"line":41,"column":0},"end":{"line":41,"column":25}},"20":{"start":{"line":43,"column":0},"end":{"line":43,"column":20}}},"fnMap":{"0":{"name":"(anonymous_0)","decl":{"start":{"line":21,"column":10},"end":{"line":21,"column":11}},"loc":{"start":{"line":21,"column":18},"end":{"line":28,"column":3}},"line":21},"1":{"name":"(anonymous_1)","decl":{"start":{"line":29,"column":11},"end":{"line":29,"column":12}},"loc":{"start":{"line":29,"column":19},"end":{"line":32,"column":3}},"line":29},"2":{"name":"(anonymous_2)","decl":{"start":{"line":34,"column":24},"end":{"line":34,"column":25}},"loc":{"start":{"line":34,"column":37},"end":{"line":38,"column":1}},"line":34}},"branchMap":{"0":{"loc":{"start":{"line":8,"column":12},"end":{"line":8,"column":49}},"type":"binary-expr","locations":[{"start":{"line":8,"column":12},"end":{"line":8,"column":32}},{"start":{"line":8,"column":36},"end":{"line":8,"column":49}}],"line":8},"1":{"loc":{"start":{"line":13,"column":0},"end":{"line":17,"column":1}},"type":"if","locations":[{"start":{"line":13,"column":0},"end":{"line":17,"column":1}},{"start":{"line":15,"column":7},"end":{"line":17,"column":1}}],"line":13},"2":{"loc":{"start":{"line":23,"column":6},"end":{"line":26,"column":37}},"type":"binary-expr","locations":[{"start":{"line":23,"column":6},"end":{"line":23,"column":29}},{"start":{"line":24,"column":6},"end":{"line":24,"column":23}},{"start":{"line":25,"column":6},"end":{"line":25,"column":30}},{"start":{"line":26,"column":6},"end":{"line":26,"column":37}}],"line":23},"3":{"loc":{"start":{"line":35,"column":2},"end":{"line":37,"column":3}},"type":"if","locations":[{"start":{"line":35,"column":2},"end":{"line":37,"column":3}},{"start":{},"end":{}}],"line":35}},"s":{"0":6,"1":6,"2":6,"3":6,"4":6,"5":6,"6":6,"7":6,"8":6,"9":0,"10":6,"11":6,"12":36,"13":30,"14":30,"15":6,"16":30,"17":30,"18":6,"19":6,"20":6},"f":{"0":36,"1":30,"2":30},"b":{"0":[6,0],"1":[0,6],"2":[36,36,30,30],"3":[30,0]},"_coverageSchema":"1a1c01bbd47fc00a2c39e90264f33305004495a9","hash":"acc77a1f031c2737fd4f596b56680a266d2a7063"}
,"/Users/muhammadalfin/IP-RMT54-ALFIN/server/models/like.js": {"path":"/Users/muhammadalfin/IP-RMT54-ALFIN/server/models/like.js","statementMap":{"0":{"start":{"line":2,"column":18},"end":{"line":2,"column":38}},"1":{"start":{"line":3,"column":0},"end":{"line":18,"column":2}},"2":{"start":{"line":6,"column":6},"end":{"line":6,"column":66}},"3":{"start":{"line":7,"column":6},"end":{"line":7,"column":60}},"4":{"start":{"line":10,"column":2},"end":{"line":16,"column":4}},"5":{"start":{"line":17,"column":2},"end":{"line":17,"column":14}}},"fnMap":{"0":{"name":"(anonymous_0)","decl":{"start":{"line":3,"column":17},"end":{"line":3,"column":18}},"loc":{"start":{"line":3,"column":43},"end":{"line":18,"column":1}},"line":3},"1":{"name":"(anonymous_1)","decl":{"start":{"line":5,"column":4},"end":{"line":5,"column":5}},"loc":{"start":{"line":5,"column":29},"end":{"line":8,"column":5}},"line":5}},"branchMap":{},"s":{"0":6,"1":6,"2":6,"3":6,"4":6,"5":6},"f":{"0":6,"1":6},"b":{},"_coverageSchema":"1a1c01bbd47fc00a2c39e90264f33305004495a9","hash":"c7a3daa5106ff6d81a3f914d3de54a9f79ed01b6"}
,"/Users/muhammadalfin/IP-RMT54-ALFIN/server/models/product.js": {"path":"/Users/muhammadalfin/IP-RMT54-ALFIN/server/models/product.js","statementMap":{"0":{"start":{"line":2,"column":18},"end":{"line":2,"column":38}},"1":{"start":{"line":3,"column":0},"end":{"line":72,"column":2}},"2":{"start":{"line":6,"column":6},"end":{"line":6,"column":71}},"3":{"start":{"line":7,"column":6},"end":{"line":7,"column":63}},"4":{"start":{"line":8,"column":6},"end":{"line":10,"column":9}},"5":{"start":{"line":11,"column":6},"end":{"line":11,"column":64}},"6":{"start":{"line":18,"column":2},"end":{"line":70,"column":4}},"7":{"start":{"line":71,"column":2},"end":{"line":71,"column":17}}},"fnMap":{"0":{"name":"(anonymous_0)","decl":{"start":{"line":3,"column":17},"end":{"line":3,"column":18}},"loc":{"start":{"line":3,"column":43},"end":{"line":72,"column":1}},"line":3},"1":{"name":"(anonymous_1)","decl":{"start":{"line":5,"column":4},"end":{"line":5,"column":5}},"loc":{"start":{"line":5,"column":29},"end":{"line":16,"column":5}},"line":5}},"branchMap":{},"s":{"0":6,"1":6,"2":6,"3":6,"4":6,"5":6,"6":6,"7":6},"f":{"0":6,"1":6},"b":{},"_coverageSchema":"1a1c01bbd47fc00a2c39e90264f33305004495a9","hash":"bc4d091a8b3e172ed262b8eea35894fe3c2bfc3f"}
,"/Users/muhammadalfin/IP-RMT54-ALFIN/server/models/user.js": {"path":"/Users/muhammadalfin/IP-RMT54-ALFIN/server/models/user.js","statementMap":{"0":{"start":{"line":2,"column":18},"end":{"line":2,"column":38}},"1":{"start":{"line":3,"column":25},"end":{"line":3,"column":53}},"2":{"start":{"line":4,"column":0},"end":{"line":79,"column":2}},"3":{"start":{"line":7,"column":6},"end":{"line":7,"column":61}},"4":{"start":{"line":8,"column":6},"end":{"line":8,"column":61}},"5":{"start":{"line":9,"column":6},"end":{"line":9,"column":58}},"6":{"start":{"line":16,"column":2},"end":{"line":72,"column":4}},"7":{"start":{"line":73,"column":2},"end":{"line":76,"column":5}},"8":{"start":{"line":74,"column":17},"end":{"line":74,"column":44}},"9":{"start":{"line":75,"column":4},"end":{"line":75,"column":25}},"10":{"start":{"line":78,"column":2},"end":{"line":78,"column":14}}},"fnMap":{"0":{"name":"(anonymous_0)","decl":{"start":{"line":4,"column":17},"end":{"line":4,"column":18}},"loc":{"start":{"line":4,"column":43},"end":{"line":79,"column":1}},"line":4},"1":{"name":"(anonymous_1)","decl":{"start":{"line":6,"column":4},"end":{"line":6,"column":5}},"loc":{"start":{"line":6,"column":29},"end":{"line":14,"column":5}},"line":6},"2":{"name":"(anonymous_2)","decl":{"start":{"line":73,"column":20},"end":{"line":73,"column":21}},"loc":{"start":{"line":73,"column":30},"end":{"line":76,"column":3}},"line":73}},"branchMap":{},"s":{"0":6,"1":6,"2":6,"3":6,"4":6,"5":6,"6":6,"7":6,"8":0,"9":0,"10":6},"f":{"0":6,"1":6,"2":0},"b":{},"_coverageSchema":"1a1c01bbd47fc00a2c39e90264f33305004495a9","hash":"e8d71f39c8a60840ae506dd226596fe62cc9b532"}
,"/Users/muhammadalfin/IP-RMT54-ALFIN/server/routes/categoryRouter.js": {"path":"/Users/muhammadalfin/IP-RMT54-ALFIN/server/routes/categoryRouter.js","statementMap":{"0":{"start":{"line":1,"column":16},"end":{"line":1,"column":34}},"1":{"start":{"line":2,"column":15},"end":{"line":2,"column":31}},"2":{"start":{"line":3,"column":27},"end":{"line":3,"column":71}},"3":{"start":{"line":4,"column":23},"end":{"line":4,"column":63}},"4":{"start":{"line":6,"column":0},"end":{"line":6,"column":51}},"5":{"start":{"line":7,"column":0},"end":{"line":7,"column":27}},"6":{"start":{"line":8,"column":0},"end":{"line":8,"column":50}},"7":{"start":{"line":9,"column":0},"end":{"line":9,"column":53}},"8":{"start":{"line":11,"column":0},"end":{"line":11,"column":24}}},"fnMap":{},"branchMap":{},"s":{"0":6,"1":6,"2":6,"3":6,"4":6,"5":6,"6":6,"7":6,"8":6},"f":{},"b":{},"_coverageSchema":"1a1c01bbd47fc00a2c39e90264f33305004495a9","hash":"38a33ad684467fef63299fedcfaa38f5383df569"}
,"/Users/muhammadalfin/IP-RMT54-ALFIN/server/routes/commentRouter.js": {"path":"/Users/muhammadalfin/IP-RMT54-ALFIN/server/routes/commentRouter.js","statementMap":{"0":{"start":{"line":1,"column":16},"end":{"line":1,"column":34}},"1":{"start":{"line":2,"column":15},"end":{"line":2,"column":31}},"2":{"start":{"line":3,"column":26},"end":{"line":3,"column":69}},"3":{"start":{"line":4,"column":23},"end":{"line":4,"column":63}},"4":{"start":{"line":5,"column":0},"end":{"line":5,"column":27}},"5":{"start":{"line":7,"column":0},"end":{"line":7,"column":58}},"6":{"start":{"line":9,"column":0},"end":{"line":9,"column":24}}},"fnMap":{},"branchMap":{},"s":{"0":6,"1":6,"2":6,"3":6,"4":6,"5":6,"6":6},"f":{},"b":{},"_coverageSchema":"1a1c01bbd47fc00a2c39e90264f33305004495a9","hash":"beab1361c2cde3b0cba25daf192408e9091697e8"}
,"/Users/muhammadalfin/IP-RMT54-ALFIN/server/routes/likeRouter.js": {"path":"/Users/muhammadalfin/IP-RMT54-ALFIN/server/routes/likeRouter.js","statementMap":{"0":{"start":{"line":1,"column":16},"end":{"line":1,"column":34}},"1":{"start":{"line":2,"column":15},"end":{"line":2,"column":31}},"2":{"start":{"line":3,"column":23},"end":{"line":3,"column":63}},"3":{"start":{"line":4,"column":23},"end":{"line":4,"column":63}},"4":{"start":{"line":5,"column":0},"end":{"line":5,"column":27}},"5":{"start":{"line":7,"column":0},"end":{"line":7,"column":52}},"6":{"start":{"line":9,"column":0},"end":{"line":9,"column":24}}},"fnMap":{},"branchMap":{},"s":{"0":6,"1":6,"2":6,"3":6,"4":6,"5":6,"6":6},"f":{},"b":{},"_coverageSchema":"1a1c01bbd47fc00a2c39e90264f33305004495a9","hash":"296ba25478b6a4c1374eb926f0b4584f37fb18a3"}
,"/Users/muhammadalfin/IP-RMT54-ALFIN/server/routes/productRouter.js": {"path":"/Users/muhammadalfin/IP-RMT54-ALFIN/server/routes/productRouter.js","statementMap":{"0":{"start":{"line":1,"column":16},"end":{"line":1,"column":34}},"1":{"start":{"line":2,"column":15},"end":{"line":2,"column":31}},"2":{"start":{"line":3,"column":26},"end":{"line":3,"column":69}},"3":{"start":{"line":4,"column":23},"end":{"line":4,"column":63}},"4":{"start":{"line":5,"column":22},"end":{"line":5,"column":61}},"5":{"start":{"line":6,"column":19},"end":{"line":6,"column":51}},"6":{"start":{"line":7,"column":30},"end":{"line":7,"column":77}},"7":{"start":{"line":9,"column":0},"end":{"line":9,"column":27}},"8":{"start":{"line":11,"column":0},"end":{"line":16,"column":2}},"9":{"start":{"line":17,"column":0},"end":{"line":17,"column":61}},"10":{"start":{"line":18,"column":0},"end":{"line":24,"column":2}},"11":{"start":{"line":25,"column":0},"end":{"line":29,"column":2}},"12":{"start":{"line":31,"column":0},"end":{"line":31,"column":24}}},"fnMap":{},"branchMap":{},"s":{"0":6,"1":6,"2":6,"3":6,"4":6,"5":6,"6":6,"7":6,"8":6,"9":6,"10":6,"11":6,"12":6},"f":{},"b":{},"_coverageSchema":"1a1c01bbd47fc00a2c39e90264f33305004495a9","hash":"a90e87cd990aa84a1951dc1ead4e25e62142ab1c"}
,"/Users/muhammadalfin/IP-RMT54-ALFIN/server/routes/router.js": {"path":"/Users/muhammadalfin/IP-RMT54-ALFIN/server/routes/router.js","statementMap":{"0":{"start":{"line":1,"column":16},"end":{"line":1,"column":34}},"1":{"start":{"line":2,"column":15},"end":{"line":2,"column":31}},"2":{"start":{"line":3,"column":26},"end":{"line":3,"column":69}},"3":{"start":{"line":4,"column":23},"end":{"line":4,"column":63}},"4":{"start":{"line":5,"column":22},"end":{"line":5,"column":48}},"5":{"start":{"line":6,"column":23},"end":{"line":6,"column":50}},"6":{"start":{"line":7,"column":19},"end":{"line":7,"column":42}},"7":{"start":{"line":8,"column":22},"end":{"line":8,"column":48}},"8":{"start":{"line":10,"column":0},"end":{"line":10,"column":64}},"9":{"start":{"line":11,"column":0},"end":{"line":11,"column":72}},"10":{"start":{"line":12,"column":0},"end":{"line":12,"column":48}},"11":{"start":{"line":13,"column":0},"end":{"line":15,"column":3}},"12":{"start":{"line":14,"column":2},"end":{"line":14,"column":39}},"13":{"start":{"line":17,"column":0},"end":{"line":17,"column":53}},"14":{"start":{"line":19,"column":0},"end":{"line":19,"column":39}},"15":{"start":{"line":20,"column":0},"end":{"line":20,"column":42}},"16":{"start":{"line":21,"column":0},"end":{"line":21,"column":33}},"17":{"start":{"line":22,"column":0},"end":{"line":22,"column":38}},"18":{"start":{"line":23,"column":0},"end":{"line":23,"column":24}}},"fnMap":{"0":{"name":"(anonymous_0)","decl":{"start":{"line":13,"column":16},"end":{"line":13,"column":17}},"loc":{"start":{"line":13,"column":30},"end":{"line":15,"column":1}},"line":13}},"branchMap":{},"s":{"0":6,"1":6,"2":6,"3":6,"4":6,"5":6,"6":6,"7":6,"8":6,"9":6,"10":6,"11":6,"12":0,"13":6,"14":6,"15":6,"16":6,"17":6,"18":6},"f":{"0":0},"b":{},"_coverageSchema":"1a1c01bbd47fc00a2c39e90264f33305004495a9","hash":"a5d6c6867b3c91a9ba28e308ceada02a253898c1"}
}
