TN:
SF:app.js
FNF:0
FNH:0
DA:1,6
DA:2,6
DA:4,6
DA:5,6
DA:6,6
DA:8,6
DA:9,6
DA:11,6
DA:12,6
DA:13,6
DA:14,6
DA:15,6
DA:17,6
LF:13
LH:13
BRDA:1,0,0,6
BRDA:1,0,1,0
BRF:2
BRH:1
end_of_record
TN:
SF:controllers/CategoryController.js
FN:4,(anonymous_0)
FN:13,(anonymous_1)
FN:21,(anonymous_2)
FNF:3
FNH:0
FNDA:0,(anonymous_0)
FNDA:0,(anonymous_1)
FNDA:0,(anonymous_2)
DA:1,6
DA:5,0
DA:6,0
DA:7,0
DA:8,0
DA:10,0
DA:14,0
DA:15,0
DA:16,0
DA:18,0
DA:22,0
DA:23,0
DA:24,0
DA:25,0
DA:26,0
DA:28,0
DA:33,0
DA:43,0
DA:45,0
DA:50,6
LF:20
LH:2
BRDA:26,0,0,0
BRDA:26,0,1,0
BRF:2
BRH:0
end_of_record
TN:
SF:controllers/CommentController.js
FN:4,(anonymous_0)
FNF:1
FNH:0
FNDA:0,(anonymous_0)
DA:1,6
DA:5,0
DA:6,0
DA:7,0
DA:8,0
DA:9,0
DA:14,0
DA:16,0
DA:21,6
LF:9
LH:2
BRF:0
BRH:0
end_of_record
TN:
SF:controllers/LikeController.js
FN:4,(anonymous_0)
FNF:1
FNH:0
FNDA:0,(anonymous_0)
DA:1,6
DA:5,0
DA:6,0
DA:7,0
DA:8,0
DA:9,0
DA:11,0
DA:16,6
LF:8
LH:2
BRF:0
BRH:0
end_of_record
TN:
SF:controllers/ProductController.js
FN:5,(anonymous_0)
FN:28,(anonymous_1)
FN:52,(anonymous_2)
FN:64,(anonymous_3)
FN:105,(anonymous_4)
FN:128,(anonymous_5)
FN:171,(anonymous_6)
FN:183,(anonymous_7)
FNF:8
FNH:4
FNDA:2,(anonymous_0)
FNDA:0,(anonymous_1)
FNDA:0,(anonymous_2)
FNDA:0,(anonymous_3)
FNDA:0,(anonymous_4)
FNDA:4,(anonymous_5)
FNDA:44,(anonymous_6)
FNDA:2,(anonymous_7)
DA:1,6
DA:2,6
DA:6,2
DA:13,2
DA:14,2
DA:23,0
DA:25,2
DA:29,0
DA:30,0
DA:52,0
DA:53,0
DA:59,0
DA:61,0
DA:65,0
DA:72,0
DA:73,0
DA:74,0
DA:76,0
DA:78,0
DA:83,0
DA:99,0
DA:101,0
DA:106,0
DA:107,0
DA:108,0
DA:109,0
DA:111,0
DA:116,0
DA:121,0
DA:125,0
DA:129,4
DA:130,4
DA:132,4
DA:151,4
DA:152,0
DA:157,4
DA:158,0
DA:161,4
DA:162,0
DA:163,0
DA:169,4
DA:171,4
DA:172,44
DA:178,4
DA:180,0
DA:184,2
DA:185,2
DA:186,2
DA:203,2
DA:204,1
DA:209,1
DA:214,1
DA:219,6
LF:53
LH:24
BRDA:76,0,0,0
BRDA:76,0,1,0
BRDA:87,1,0,0
BRDA:87,1,1,0
BRDA:109,2,0,0
BRDA:109,2,1,0
BRDA:151,3,0,0
BRDA:151,3,1,4
BRDA:157,4,0,0
BRDA:157,4,1,4
BRDA:161,5,0,0
BRDA:161,5,1,4
BRDA:203,6,0,1
BRDA:203,6,1,1
BRF:14
BRH:5
end_of_record
TN:
SF:controllers/UserController.js
FN:8,(anonymous_0)
FN:35,(anonymous_1)
FNF:2
FNH:1
FNDA:0,(anonymous_0)
FNDA:5,(anonymous_1)
DA:1,6
DA:2,6
DA:3,6
DA:4,6
DA:5,6
DA:9,0
DA:11,0
DA:12,0
DA:20,0
DA:28,0
DA:32,0
DA:36,5
DA:37,5
DA:38,5
DA:40,1
DA:45,4
DA:47,1
DA:53,3
DA:58,3
DA:60,1
DA:65,2
DA:66,2
DA:68,1
DA:73,1
DA:78,1
DA:79,1
DA:86,4
DA:91,6
LF:28
LH:22
BRDA:38,0,0,1
BRDA:38,0,1,4
BRDA:45,1,0,1
BRDA:45,1,1,3
BRDA:58,2,0,1
BRDA:58,2,1,2
BRDA:66,3,0,1
BRDA:66,3,1,1
BRF:8
BRH:8
end_of_record
TN:
SF:helpers/bcrypt.js
FN:3,(anonymous_0)
FN:8,(anonymous_1)
FNF:2
FNH:1
FNDA:0,(anonymous_0)
FNDA:2,(anonymous_1)
DA:1,6
DA:3,6
DA:4,0
DA:5,0
DA:8,6
DA:9,2
DA:12,6
LF:7
LH:5
BRF:0
BRH:0
end_of_record
TN:
SF:helpers/jwt.js
FN:3,(anonymous_0)
FN:7,(anonymous_1)
FNF:2
FNH:2
FNDA:4,(anonymous_0)
FNDA:10,(anonymous_1)
DA:1,6
DA:2,6
DA:3,6
DA:4,4
DA:7,6
DA:8,10
DA:11,6
LF:7
LH:7
BRF:0
BRH:0
end_of_record
TN:
SF:middlewares/authentication.js
FN:4,(anonymous_0)
FNF:1
FNH:1
FNDA:13,(anonymous_0)
DA:1,6
DA:2,6
DA:4,6
DA:5,13
DA:6,13
DA:7,13
DA:8,3
DA:12,3
DA:15,10
DA:16,10
DA:17,0
DA:21,0
DA:23,10
DA:24,10
DA:25,7
DA:26,7
DA:27,0
DA:31,0
DA:33,7
DA:34,7
DA:36,3
DA:40,6
LF:22
LH:18
BRDA:7,0,0,3
BRDA:7,0,1,10
BRDA:16,1,0,0
BRDA:16,1,1,10
BRDA:26,2,0,0
BRDA:26,2,1,7
BRF:6
BRH:4
end_of_record
TN:
SF:middlewares/authorization.js
FN:3,authorization
FNF:1
FNH:0
FNDA:0,authorization
DA:1,6
DA:4,0
DA:5,0
DA:7,0
DA:8,0
DA:12,0
DA:14,0
DA:15,0
DA:19,0
DA:21,0
DA:24,6
LF:11
LH:2
BRDA:7,0,0,0
BRDA:7,0,1,0
BRDA:14,1,0,0
BRDA:14,1,1,0
BRF:4
BRH:0
end_of_record
TN:
SF:middlewares/errorHandler.js
FN:1,errorHandler
FN:6,(anonymous_1)
FNF:2
FNH:1
FNDA:13,errorHandler
FNDA:0,(anonymous_1)
DA:2,13
DA:3,13
DA:6,0
DA:7,0
DA:8,0
DA:9,0
DA:11,3
DA:12,3
DA:14,4
DA:15,4
DA:17,0
DA:18,0
DA:20,1
DA:21,1
DA:23,3
DA:24,3
DA:26,2
DA:30,6
LF:18
LH:12
BRDA:3,0,0,0
BRDA:3,0,1,0
BRDA:3,0,2,3
BRDA:3,0,3,4
BRDA:3,0,4,0
BRDA:3,0,5,1
BRDA:3,0,6,3
BRDA:3,0,7,2
BRF:8
BRH:5
end_of_record
TN:
SF:middlewares/multer.js
FNF:0
FNH:0
DA:1,6
DA:3,6
DA:4,6
DA:6,6
LF:4
LH:4
BRF:0
BRH:0
end_of_record
TN:
SF:middlewares/uploadImageCloudinary.js
FN:3,(anonymous_0)
FNF:1
FNH:1
FNDA:2,(anonymous_0)
DA:1,6
DA:3,6
DA:4,2
DA:5,2
DA:7,0
DA:12,0
DA:13,0
DA:14,0
DA:18,0
DA:19,0
DA:23,6
LF:11
LH:5
BRDA:4,0,0,2
BRDA:4,0,1,0
BRF:2
BRH:1
end_of_record
TN:
SF:models/category.js
FN:3,(anonymous_0)
FN:5,(anonymous_1)
FNF:2
FNH:2
FNDA:6,(anonymous_0)
FNDA:6,(anonymous_1)
DA:2,6
DA:3,6
DA:6,6
DA:9,6
DA:21,6
LF:5
LH:5
BRF:0
BRH:0
end_of_record
TN:
SF:models/comment.js
FN:3,(anonymous_0)
FN:5,(anonymous_1)
FNF:2
FNH:2
FNDA:6,(anonymous_0)
FNDA:6,(anonymous_1)
DA:2,6
DA:3,6
DA:6,6
DA:7,6
DA:10,6
DA:22,6
LF:6
LH:6
BRF:0
BRH:0
end_of_record
TN:
SF:models/index.js
FN:21,(anonymous_0)
FN:29,(anonymous_1)
FN:34,(anonymous_2)
FNF:3
FNH:3
FNDA:36,(anonymous_0)
FNDA:30,(anonymous_1)
FNDA:30,(anonymous_2)
DA:3,6
DA:4,6
DA:5,6
DA:6,6
DA:7,6
DA:8,6
DA:9,6
DA:10,6
DA:13,6
DA:14,0
DA:16,6
DA:19,6
DA:22,36
DA:30,30
DA:31,30
DA:34,6
DA:35,30
DA:36,30
DA:40,6
DA:41,6
DA:43,6
LF:21
LH:20
BRDA:8,0,0,6
BRDA:8,0,1,0
BRDA:13,1,0,0
BRDA:13,1,1,6
BRDA:23,2,0,36
BRDA:23,2,1,36
BRDA:23,2,2,30
BRDA:23,2,3,30
BRDA:35,3,0,30
BRDA:35,3,1,0
BRF:10
BRH:7
end_of_record
TN:
SF:models/like.js
FN:3,(anonymous_0)
FN:5,(anonymous_1)
FNF:2
FNH:2
FNDA:6,(anonymous_0)
FNDA:6,(anonymous_1)
DA:2,6
DA:3,6
DA:6,6
DA:7,6
DA:10,6
DA:17,6
LF:6
LH:6
BRF:0
BRH:0
end_of_record
TN:
SF:models/product.js
FN:3,(anonymous_0)
FN:5,(anonymous_1)
FNF:2
FNH:2
FNDA:6,(anonymous_0)
FNDA:6,(anonymous_1)
DA:2,6
DA:3,6
DA:6,6
DA:7,6
DA:8,6
DA:11,6
DA:18,6
DA:71,6
LF:8
LH:8
BRF:0
BRH:0
end_of_record
TN:
SF:models/user.js
FN:4,(anonymous_0)
FN:6,(anonymous_1)
FN:73,(anonymous_2)
FNF:3
FNH:2
FNDA:6,(anonymous_0)
FNDA:6,(anonymous_1)
FNDA:0,(anonymous_2)
DA:2,6
DA:3,6
DA:4,6
DA:7,6
DA:8,6
DA:9,6
DA:16,6
DA:73,6
DA:74,0
DA:75,0
DA:78,6
LF:11
LH:9
BRF:0
BRH:0
end_of_record
TN:
SF:routes/categoryRouter.js
FNF:0
FNH:0
DA:1,6
DA:2,6
DA:3,6
DA:4,6
DA:6,6
DA:7,6
DA:8,6
DA:9,6
DA:11,6
LF:9
LH:9
BRF:0
BRH:0
end_of_record
TN:
SF:routes/commentRouter.js
FNF:0
FNH:0
DA:1,6
DA:2,6
DA:3,6
DA:4,6
DA:5,6
DA:7,6
DA:9,6
LF:7
LH:7
BRF:0
BRH:0
end_of_record
TN:
SF:routes/likeRouter.js
FNF:0
FNH:0
DA:1,6
DA:2,6
DA:3,6
DA:4,6
DA:5,6
DA:7,6
DA:9,6
LF:7
LH:7
BRF:0
BRH:0
end_of_record
TN:
SF:routes/productRouter.js
FNF:0
FNH:0
DA:1,6
DA:2,6
DA:3,6
DA:4,6
DA:5,6
DA:6,6
DA:7,6
DA:9,6
DA:11,6
DA:17,6
DA:18,6
DA:25,6
DA:31,6
LF:13
LH:13
BRF:0
BRH:0
end_of_record
TN:
SF:routes/router.js
FN:13,(anonymous_0)
FNF:1
FNH:0
FNDA:0,(anonymous_0)
DA:1,6
DA:2,6
DA:3,6
DA:4,6
DA:5,6
DA:6,6
DA:7,6
DA:8,6
DA:10,6
DA:11,6
DA:12,6
DA:13,6
DA:14,0
DA:17,6
DA:19,6
DA:20,6
DA:21,6
DA:22,6
DA:23,6
LF:19
LH:18
BRF:0
BRH:0
end_of_record
